[Thu 12 Feb 2026 00:41:05 CST] Continuous loop started. Timeout: 1800s, max parallel: 3
[Thu 12 Feb 2026 00:41:05 CST] Cycle 1: parallel execution of 3 phases (21 22 23, 1800s remaining)
[Thu 12 Feb 2026 00:41:05 CST] Launching up to 3 parallel agents: phases 21 22 23
  Phase 21 -> PID 77305 (session 047, log: /Users/dannyliu/personal_projects/self-driving-dev/logs/session-047.log)
  Phase 22 -> PID 77324 (session 048, log: /Users/dannyliu/personal_projects/self-driving-dev/logs/session-048.log)
  Phase 23 -> PID 77343 (session 049, log: /Users/dannyliu/personal_projects/self-driving-dev/logs/session-049.log)
[Thu 12 Feb 2026 00:41:05 CST] Waiting for 3 agents to complete...
  Phase 21: no result file (agent may have crashed)
  Phase 22: success
  Phase 23: success
[Thu 12 Feb 2026 00:48:25 CST] All agents complete. 1 failed.
[Thu 12 Feb 2026 00:48:25 CST] Merging results for phases: 21 22 23
  Phase 21: skipped (no result file)
Deleted branch phase-21 (was dbb0512).
[main e80d71c] Merge phase-22: Log git/subprocess failures and fix regex backtracking
  Phase 22: running verification after merge...
  Phase 22: verification FAILED after merge, reverting
HEAD is now at e80d71c Merge phase-22: Log git/subprocess failures and fix regex backtracking
Deleted branch phase-22 (was f4a5db8).
Already up to date.
On branch main
Your branch is ahead of 'origin/main' by 27 commits.
  (use "git push" to publish your local commits)

Untracked files:
  (use "git add <file>..." to include in what will be committed)
	.phase-result.json
	.worktrees/

nothing added to commit but untracked files present (use "git add" to track)
  Phase 23: running verification after merge...
  Phase 23: MERGED successfully
Deleted branch phase-23 (was dbb0512).
[Thu 12 Feb 2026 01:04:56 CST] Successfully merged phases: 23 (commit: e80d71c)
[Thu 12 Feb 2026 01:04:56 CST] Failed/skipped phases: 21 22 (will retry next cycle)
[Thu 12 Feb 2026 01:04:56 CST] Parallel cycle 1 finished
[Thu 12 Feb 2026 01:05:01 CST] Cycle 2: parallel execution of 3 phases (21 22 23, 364s remaining)
[Thu 12 Feb 2026 01:05:01 CST] Launching up to 3 parallel agents: phases 21 22 23
  Phase 21 -> PID 82043 (session 051, log: /Users/dannyliu/personal_projects/self-driving-dev/logs/session-051.log)
  Phase 22 -> PID 82062 (session 052, log: /Users/dannyliu/personal_projects/self-driving-dev/logs/session-052.log)
  Phase 23 -> PID 82081 (session 053, log: /Users/dannyliu/personal_projects/self-driving-dev/logs/session-053.log)
[Thu 12 Feb 2026 01:05:02 CST] Waiting for 3 agents to complete...
